<?xml version="1.0" encoding="UTF-8"?>
<!-- Generated by org.testng.reporters.JUnitXMLReporter -->
<testsuite hostname="DESKTOP-488FP15" ignored="0" name="chromeTest" tests="4" failures="1" timestamp="09 Jun 2019 08:14:19 GMT" time="78.91" errors="0">
  <testcase name="ValidLoginLogout" time="7.44" classname="com.ActiTime.test.TC01Test"/>
  <testcase name="InvalidLogin" time="14.189" classname="com.ActiTime.test.TC02Test"/>
  <testcase name="Verifyversion" time="0.154" classname="com.ActiTime.test.TC03Test">
    <failure type="java.lang.AssertionError" message="The following asserts failed:
	expected [actiTIME 2019.2 Pro] but found [actiTIME 2019.3 Pro]">
      <![CDATA[java.lang.AssertionError: The following asserts failed:
expected [actiTIME 2019.2 Pro] but found [actiTIME 2019.3 Pro]
at com.ActiTime.test.TC03Test.Verifyversion(TC03Test.java:22)
at java.util.concurrent.FutureTask.run(FutureTask.java:266)
at java.util.concurrent.ThreadPoolExecutor.runWorker(ThreadPoolExecutor.java:1149)
at java.util.concurrent.ThreadPoolExecutor$Worker.run(ThreadPoolExecutor.java:624)
at java.lang.Thread.run(Thread.java:748)
... Removed 17 stack frames]]>
    </failure>
  </testcase> <!-- Verifyversion -->
  <testcase name="Verifybuildnumber" time="5.152" classname="com.ActiTime.test.TC04Test"/>
</testsuite> <!-- chromeTest -->
