<?xml version="1.0" encoding="UTF-8"?>
<!-- Generated by org.testng.reporters.JUnitXMLReporter -->
<testsuite hostname="DESKTOP-488FP15" ignored="0" name="Test" tests="4" failures="1" timestamp="09 Jun 2019 06:36:04 GMT" time="67.803" errors="0">
  <testcase name="ValidLoginLogout" time="5.827" classname="com.ActiTime.test.TC01Test"/>
  <testcase name="InvalidLogin" time="13.639" classname="com.ActiTime.test.TC02Test"/>
  <testcase name="Verifyversion" time="0.192" classname="com.ActiTime.test.TC03Test">
    <failure type="java.lang.AssertionError" message="The following asserts failed:
	expected [actiTIME 2019.2 Pro] but found [actiTIME 2019.3 Pro]">
      <![CDATA[java.lang.AssertionError: The following asserts failed:
expected [actiTIME 2019.2 Pro] but found [actiTIME 2019.3 Pro]
at com.ActiTime.test.TC03Test.Verifyversion(TC03Test.java:22)
... Removed 26 stack frames]]>
    </failure>
  </testcase> <!-- Verifyversion -->
  <testcase name="Verifybuildnumber" time="4.735" classname="com.ActiTime.test.TC04Test"/>
</testsuite> <!-- Test -->
