<?xml version="1.0" encoding="UTF-8"?>
<testng-results skipped="0" failed="4" ignored="0" total="8" passed="4">
  <reporter-output>
    <line>
      <![CDATA[Title is matching expected titleactiTIME - Login]]>
    </line>
    <line>
      <![CDATA[Title is matching expected titleactiTIME - Login]]>
    </line>
    <line>
      <![CDATA[Title is matching expected titleactiTIME - Enter Time-Track]]>
    </line>
    <line>
      <![CDATA[Title is matching expected titleactiTIME - Enter Time-Track]]>
    </line>
    <line>
      <![CDATA[Title is matching expected titleactiTIME - Login]]>
    </line>
    <line>
      <![CDATA[Title is matching expected titleactiTIME - Login]]>
    </line>
    <line>
      <![CDATA[User name admin]]>
    </line>
    <line>
      <![CDATA[Password damager]]>
    </line>
    <line>
      <![CDATA[Title is matching expected titleactiTIME - Login]]>
    </line>
    <line>
      <![CDATA[User name admin]]>
    </line>
    <line>
      <![CDATA[Password damager]]>
    </line>
    <line>
      <![CDATA[Elements is visibil]]>
    </line>
    <line>
      <![CDATA[===================================]]>
    </line>
    <line>
      <![CDATA[Elements is visibil]]>
    </line>
    <line>
      <![CDATA[===================================]]>
    </line>
    <line>
      <![CDATA[User name qsp]]>
    </line>
    <line>
      <![CDATA[Password jsp]]>
    </line>
    <line>
      <![CDATA[Elements is visibil]]>
    </line>
    <line>
      <![CDATA[===================================]]>
    </line>
    <line>
      <![CDATA[User name qsp]]>
    </line>
    <line>
      <![CDATA[Password jsp]]>
    </line>
    <line>
      <![CDATA[Elements is visibil]]>
    </line>
    <line>
      <![CDATA[===================================]]>
    </line>
    <line>
      <![CDATA[User name 45]]>
    </line>
    <line>
      <![CDATA[Password a]]>
    </line>
    <line>
      <![CDATA[Elements is visibil]]>
    </line>
    <line>
      <![CDATA[===================================]]>
    </line>
    <line>
      <![CDATA[User name 45]]>
    </line>
    <line>
      <![CDATA[Password a]]>
    </line>
    <line>
      <![CDATA[Elements is visibil]]>
    </line>
    <line>
      <![CDATA[===================================]]>
    </line>
    <line>
      <![CDATA[User name a]]>
    </line>
    <line>
      <![CDATA[Password @]]>
    </line>
    <line>
      <![CDATA[Elements is visibil]]>
    </line>
    <line>
      <![CDATA[===================================]]>
    </line>
    <line>
      <![CDATA[User name a]]>
    </line>
    <line>
      <![CDATA[Password @]]>
    </line>
    <line>
      <![CDATA[Elements is visibil]]>
    </line>
    <line>
      <![CDATA[===================================]]>
    </line>
    <line>
      <![CDATA[User name 1]]>
    </line>
    <line>
      <![CDATA[Password 2]]>
    </line>
    <line>
      <![CDATA[Elements is visibil]]>
    </line>
    <line>
      <![CDATA[===================================]]>
    </line>
    <line>
      <![CDATA[User name 1]]>
    </line>
    <line>
      <![CDATA[Password 2]]>
    </line>
    <line>
      <![CDATA[Elements is visibil]]>
    </line>
    <line>
      <![CDATA[===================================]]>
    </line>
    <line>
      <![CDATA[Title is matching expected titleactiTIME - Login]]>
    </line>
    <line>
      <![CDATA[Elements is visibil]]>
    </line>
    <line>
      <![CDATA[Title is matching expected titleactiTIME - Login]]>
    </line>
    <line>
      <![CDATA[Elements is visibil]]>
    </line>
    <line>
      <![CDATA[Title is matching expected titleactiTIME - Login]]>
    </line>
    <line>
      <![CDATA[Title is matching expected titleactiTIME - Enter Time-Track]]>
    </line>
    <line>
      <![CDATA[Elements is visibil]]>
    </line>
    <line>
      <![CDATA[Title is matching expected titleactiTIME - Login]]>
    </line>
    <line>
      <![CDATA[Title is matching expected titleactiTIME - Enter Time-Track]]>
    </line>
  </reporter-output>
  <suite name="Suite" duration-ms="82262" started-at="2019-06-09T08:13:00Z" finished-at="2019-06-09T08:14:23Z">
    <groups>
    </groups>
    <test name="chromeTest" duration-ms="78910" started-at="2019-06-09T08:13:00Z" finished-at="2019-06-09T08:14:19Z">
      <class name="com.ActiTime.test.TC03Test">
        <test-method status="PASS" signature="precondition(java.lang.String, java.lang.String)[pri:0, instance:com.ActiTime.test.TC03Test@6adca536]" name="precondition" is-config="true" duration-ms="10600" started-at="2019-06-09T08:13:48Z" finished-at="2019-06-09T08:13:59Z">
          <params>
            <param index="0">
              <value>
                <![CDATA[http://localhost:1231/wd/hub/]]>
              </value>
            </param>
            <param index="1">
              <value>
                <![CDATA[chrome]]>
              </value>
            </param>
          </params>
          <reporter-output>
          </reporter-output>
        </test-method> <!-- precondition -->
        <test-method status="FAIL" signature="Verifyversion()[pri:3, instance:com.ActiTime.test.TC03Test@6adca536]" name="Verifyversion" duration-ms="154" started-at="2019-06-09T08:13:59Z" finished-at="2019-06-09T08:13:59Z">
          <exception class="java.lang.AssertionError">
            <message>
              <![CDATA[The following asserts failed:
expected [actiTIME 2019.2 Pro] but found [actiTIME 2019.3 Pro]]]>
            </message>
            <full-stacktrace>
              <![CDATA[java.lang.AssertionError: The following asserts failed:
expected [actiTIME 2019.2 Pro] but found [actiTIME 2019.3 Pro]
at org.testng.asserts.SoftAssert.assertAll(SoftAssert.java:43)
at com.ActiTime.test.TC03Test.Verifyversion(TC03Test.java:22)
at sun.reflect.NativeMethodAccessorImpl.invoke0(Native Method)
at sun.reflect.NativeMethodAccessorImpl.invoke(NativeMethodAccessorImpl.java:62)
at sun.reflect.DelegatingMethodAccessorImpl.invoke(DelegatingMethodAccessorImpl.java:43)
at java.lang.reflect.Method.invoke(Method.java:498)
at org.testng.internal.MethodInvocationHelper.invokeMethod(MethodInvocationHelper.java:124)
at org.testng.internal.Invoker.invokeMethod(Invoker.java:580)
at org.testng.internal.Invoker.invokeTestMethod(Invoker.java:716)
at org.testng.internal.Invoker.invokeTestMethods(Invoker.java:988)
at org.testng.internal.TestMethodWorker.invokeTestMethods(TestMethodWorker.java:125)
at org.testng.internal.TestMethodWorker.run(TestMethodWorker.java:109)
at org.testng.TestRunner.privateRun(TestRunner.java:648)
at org.testng.TestRunner.run(TestRunner.java:505)
at org.testng.SuiteRunner.runTest(SuiteRunner.java:455)
at org.testng.SuiteRunner.access$000(SuiteRunner.java:40)
at org.testng.SuiteRunner$SuiteWorker.run(SuiteRunner.java:489)
at org.testng.internal.thread.ThreadUtil$1.call(ThreadUtil.java:52)
at java.util.concurrent.FutureTask.run(FutureTask.java:266)
at java.util.concurrent.ThreadPoolExecutor.runWorker(ThreadPoolExecutor.java:1149)
at java.util.concurrent.ThreadPoolExecutor$Worker.run(ThreadPoolExecutor.java:624)
at java.lang.Thread.run(Thread.java:748)
]]>
            </full-stacktrace>
          </exception> <!-- java.lang.AssertionError -->
          <reporter-output>
            <line>
              <![CDATA[Title is matching expected titleactiTIME - Login]]>
            </line>
            <line>
              <![CDATA[Elements is visibil]]>
            </line>
          </reporter-output>
        </test-method> <!-- Verifyversion -->
        <test-method status="PASS" signature="postcondition(org.testng.ITestResult)[pri:0, instance:com.ActiTime.test.TC03Test@6adca536]" name="postcondition" is-config="true" duration-ms="3020" started-at="2019-06-09T08:13:59Z" finished-at="2019-06-09T08:14:02Z">
          <params>
            <param index="0">
              <value>
                <![CDATA[[TestResult name=Verifyversion status=FAILURE method=TC03Test.Verifyversion()[pri:3, instance:com.ActiTime.test.TC03Test@6adca536] output=Title is matching expected titleactiTIME - Login]]]>
              </value>
            </param>
          </params>
          <reporter-output>
          </reporter-output>
        </test-method> <!-- postcondition -->
      </class> <!-- com.ActiTime.test.TC03Test -->
      <class name="com.ActiTime.test.TC04Test">
        <test-method status="PASS" signature="precondition(java.lang.String, java.lang.String)[pri:0, instance:com.ActiTime.test.TC04Test@357246de]" name="precondition" is-config="true" duration-ms="9848" started-at="2019-06-09T08:14:02Z" finished-at="2019-06-09T08:14:12Z">
          <params>
            <param index="0">
              <value>
                <![CDATA[http://localhost:1231/wd/hub/]]>
              </value>
            </param>
            <param index="1">
              <value>
                <![CDATA[chrome]]>
              </value>
            </param>
          </params>
          <reporter-output>
          </reporter-output>
        </test-method> <!-- precondition -->
        <test-method status="PASS" signature="Verifybuildnumber()[pri:4, instance:com.ActiTime.test.TC04Test@357246de]" name="Verifybuildnumber" duration-ms="5152" started-at="2019-06-09T08:14:12Z" finished-at="2019-06-09T08:14:17Z">
          <reporter-output>
            <line>
              <![CDATA[Title is matching expected titleactiTIME - Login]]>
            </line>
            <line>
              <![CDATA[Title is matching expected titleactiTIME - Enter Time-Track]]>
            </line>
            <line>
              <![CDATA[Elements is visibil]]>
            </line>
          </reporter-output>
        </test-method> <!-- Verifybuildnumber -->
        <test-method status="PASS" signature="postcondition(org.testng.ITestResult)[pri:0, instance:com.ActiTime.test.TC04Test@357246de]" name="postcondition" is-config="true" duration-ms="2132" started-at="2019-06-09T08:14:17Z" finished-at="2019-06-09T08:14:19Z">
          <params>
            <param index="0">
              <value>
                <![CDATA[[TestResult name=Verifybuildnumber status=SUCCESS method=TC04Test.Verifybuildnumber()[pri:4, instance:com.ActiTime.test.TC04Test@357246de] output=Title is matching expected titleactiTIME - Login]]]>
              </value>
            </param>
          </params>
          <reporter-output>
          </reporter-output>
        </test-method> <!-- postcondition -->
      </class> <!-- com.ActiTime.test.TC04Test -->
      <class name="com.ActiTime.test.TC01Test">
        <test-method status="PASS" signature="precondition(java.lang.String, java.lang.String)[pri:0, instance:com.ActiTime.test.TC01Test@35851384]" name="precondition" is-config="true" duration-ms="11107" started-at="2019-06-09T08:13:00Z" finished-at="2019-06-09T08:13:12Z">
          <params>
            <param index="0">
              <value>
                <![CDATA[http://localhost:1231/wd/hub/]]>
              </value>
            </param>
            <param index="1">
              <value>
                <![CDATA[chrome]]>
              </value>
            </param>
          </params>
          <reporter-output>
          </reporter-output>
        </test-method> <!-- precondition -->
        <test-method status="PASS" signature="ValidLoginLogout()[pri:1, instance:com.ActiTime.test.TC01Test@35851384]" name="ValidLoginLogout" duration-ms="7440" started-at="2019-06-09T08:13:12Z" finished-at="2019-06-09T08:13:19Z">
          <reporter-output>
            <line>
              <![CDATA[Title is matching expected titleactiTIME - Login]]>
            </line>
            <line>
              <![CDATA[Title is matching expected titleactiTIME - Enter Time-Track]]>
            </line>
            <line>
              <![CDATA[Title is matching expected titleactiTIME - Login]]>
            </line>
          </reporter-output>
        </test-method> <!-- ValidLoginLogout -->
        <test-method status="PASS" signature="postcondition(org.testng.ITestResult)[pri:0, instance:com.ActiTime.test.TC01Test@35851384]" name="postcondition" is-config="true" duration-ms="85" started-at="2019-06-09T08:13:19Z" finished-at="2019-06-09T08:13:19Z">
          <params>
            <param index="0">
              <value>
                <![CDATA[[TestResult name=ValidLoginLogout status=SUCCESS method=TC01Test.ValidLoginLogout()[pri:1, instance:com.ActiTime.test.TC01Test@35851384] output=Title is matching expected titleactiTIME - Login]]]>
              </value>
            </param>
          </params>
          <reporter-output>
          </reporter-output>
        </test-method> <!-- postcondition -->
      </class> <!-- com.ActiTime.test.TC01Test -->
      <class name="com.ActiTime.test.TC02Test">
        <test-method status="PASS" signature="precondition(java.lang.String, java.lang.String)[pri:0, instance:com.ActiTime.test.TC02Test@649d209a]" name="precondition" is-config="true" duration-ms="15087" started-at="2019-06-09T08:13:19Z" finished-at="2019-06-09T08:13:34Z">
          <params>
            <param index="0">
              <value>
                <![CDATA[http://localhost:1231/wd/hub/]]>
              </value>
            </param>
            <param index="1">
              <value>
                <![CDATA[chrome]]>
              </value>
            </param>
          </params>
          <reporter-output>
          </reporter-output>
        </test-method> <!-- precondition -->
        <test-method status="PASS" signature="InvalidLogin()[pri:2, instance:com.ActiTime.test.TC02Test@649d209a]" name="InvalidLogin" duration-ms="14189" started-at="2019-06-09T08:13:34Z" finished-at="2019-06-09T08:13:48Z">
          <reporter-output>
            <line>
              <![CDATA[Title is matching expected titleactiTIME - Login]]>
            </line>
            <line>
              <![CDATA[User name admin]]>
            </line>
            <line>
              <![CDATA[Password damager]]>
            </line>
            <line>
              <![CDATA[Elements is visibil]]>
            </line>
            <line>
              <![CDATA[===================================]]>
            </line>
            <line>
              <![CDATA[User name qsp]]>
            </line>
            <line>
              <![CDATA[Password jsp]]>
            </line>
            <line>
              <![CDATA[Elements is visibil]]>
            </line>
            <line>
              <![CDATA[===================================]]>
            </line>
            <line>
              <![CDATA[User name 45]]>
            </line>
            <line>
              <![CDATA[Password a]]>
            </line>
            <line>
              <![CDATA[Elements is visibil]]>
            </line>
            <line>
              <![CDATA[===================================]]>
            </line>
            <line>
              <![CDATA[User name a]]>
            </line>
            <line>
              <![CDATA[Password @]]>
            </line>
            <line>
              <![CDATA[Elements is visibil]]>
            </line>
            <line>
              <![CDATA[===================================]]>
            </line>
            <line>
              <![CDATA[User name 1]]>
            </line>
            <line>
              <![CDATA[Password 2]]>
            </line>
            <line>
              <![CDATA[Elements is visibil]]>
            </line>
            <line>
              <![CDATA[===================================]]>
            </line>
          </reporter-output>
        </test-method> <!-- InvalidLogin -->
        <test-method status="PASS" signature="postcondition(org.testng.ITestResult)[pri:0, instance:com.ActiTime.test.TC02Test@649d209a]" name="postcondition" is-config="true" duration-ms="77" started-at="2019-06-09T08:13:48Z" finished-at="2019-06-09T08:13:48Z">
          <params>
            <param index="0">
              <value>
                <![CDATA[[TestResult name=InvalidLogin status=SUCCESS method=TC02Test.InvalidLogin()[pri:2, instance:com.ActiTime.test.TC02Test@649d209a] output=Title is matching expected titleactiTIME - Login]]]>
              </value>
            </param>
          </params>
          <reporter-output>
          </reporter-output>
        </test-method> <!-- postcondition -->
      </class> <!-- com.ActiTime.test.TC02Test -->
    </test> <!-- chromeTest -->
    <test name="firefoxTest" duration-ms="82262" started-at="2019-06-09T08:13:00Z" finished-at="2019-06-09T08:14:23Z">
      <class name="com.ActiTime.test.TC03Test">
        <test-method status="PASS" signature="precondition(java.lang.String, java.lang.String)[pri:0, instance:com.ActiTime.test.TC03Test@56cbfb61]" name="precondition" is-config="true" duration-ms="17544" started-at="2019-06-09T08:13:49Z" finished-at="2019-06-09T08:14:06Z">
          <params>
            <param index="0">
              <value>
                <![CDATA[http://localhost:1231/wd/hub/]]>
              </value>
            </param>
            <param index="1">
              <value>
                <![CDATA[firefox]]>
              </value>
            </param>
          </params>
          <reporter-output>
          </reporter-output>
        </test-method> <!-- precondition -->
        <test-method status="FAIL" signature="Verifyversion()[pri:3, instance:com.ActiTime.test.TC03Test@56cbfb61]" name="Verifyversion" duration-ms="133" started-at="2019-06-09T08:14:06Z" finished-at="2019-06-09T08:14:06Z">
          <exception class="java.lang.AssertionError">
            <message>
              <![CDATA[The following asserts failed:
expected [actiTIME 2019.2 Pro] but found [actiTIME 2019.3 Pro]]]>
            </message>
            <full-stacktrace>
              <![CDATA[java.lang.AssertionError: The following asserts failed:
expected [actiTIME 2019.2 Pro] but found [actiTIME 2019.3 Pro]
at org.testng.asserts.SoftAssert.assertAll(SoftAssert.java:43)
at com.ActiTime.test.TC03Test.Verifyversion(TC03Test.java:22)
at sun.reflect.NativeMethodAccessorImpl.invoke0(Native Method)
at sun.reflect.NativeMethodAccessorImpl.invoke(NativeMethodAccessorImpl.java:62)
at sun.reflect.DelegatingMethodAccessorImpl.invoke(DelegatingMethodAccessorImpl.java:43)
at java.lang.reflect.Method.invoke(Method.java:498)
at org.testng.internal.MethodInvocationHelper.invokeMethod(MethodInvocationHelper.java:124)
at org.testng.internal.Invoker.invokeMethod(Invoker.java:580)
at org.testng.internal.Invoker.invokeTestMethod(Invoker.java:716)
at org.testng.internal.Invoker.invokeTestMethods(Invoker.java:988)
at org.testng.internal.TestMethodWorker.invokeTestMethods(TestMethodWorker.java:125)
at org.testng.internal.TestMethodWorker.run(TestMethodWorker.java:109)
at org.testng.TestRunner.privateRun(TestRunner.java:648)
at org.testng.TestRunner.run(TestRunner.java:505)
at org.testng.SuiteRunner.runTest(SuiteRunner.java:455)
at org.testng.SuiteRunner.access$000(SuiteRunner.java:40)
at org.testng.SuiteRunner$SuiteWorker.run(SuiteRunner.java:489)
at org.testng.internal.thread.ThreadUtil$1.call(ThreadUtil.java:52)
at java.util.concurrent.FutureTask.run(FutureTask.java:266)
at java.util.concurrent.ThreadPoolExecutor.runWorker(ThreadPoolExecutor.java:1149)
at java.util.concurrent.ThreadPoolExecutor$Worker.run(ThreadPoolExecutor.java:624)
at java.lang.Thread.run(Thread.java:748)
]]>
            </full-stacktrace>
          </exception> <!-- java.lang.AssertionError -->
          <reporter-output>
            <line>
              <![CDATA[Title is matching expected titleactiTIME - Login]]>
            </line>
            <line>
              <![CDATA[Elements is visibil]]>
            </line>
          </reporter-output>
        </test-method> <!-- Verifyversion -->
        <test-method status="PASS" signature="postcondition(org.testng.ITestResult)[pri:0, instance:com.ActiTime.test.TC03Test@56cbfb61]" name="postcondition" is-config="true" duration-ms="944" started-at="2019-06-09T08:14:06Z" finished-at="2019-06-09T08:14:07Z">
          <params>
            <param index="0">
              <value>
                <![CDATA[[TestResult name=Verifyversion status=FAILURE method=TC03Test.Verifyversion()[pri:3, instance:com.ActiTime.test.TC03Test@56cbfb61] output=Title is matching expected titleactiTIME - Login]]]>
              </value>
            </param>
          </params>
          <reporter-output>
          </reporter-output>
        </test-method> <!-- postcondition -->
      </class> <!-- com.ActiTime.test.TC03Test -->
      <class name="com.ActiTime.test.TC04Test">
        <test-method status="PASS" signature="precondition(java.lang.String, java.lang.String)[pri:0, instance:com.ActiTime.test.TC04Test@1134affc]" name="precondition" is-config="true" duration-ms="10808" started-at="2019-06-09T08:14:07Z" finished-at="2019-06-09T08:14:18Z">
          <params>
            <param index="0">
              <value>
                <![CDATA[http://localhost:1231/wd/hub/]]>
              </value>
            </param>
            <param index="1">
              <value>
                <![CDATA[firefox]]>
              </value>
            </param>
          </params>
          <reporter-output>
          </reporter-output>
        </test-method> <!-- precondition -->
        <test-method status="FAIL" signature="Verifybuildnumber()[pri:4, instance:com.ActiTime.test.TC04Test@1134affc]" name="Verifybuildnumber" duration-ms="3434" started-at="2019-06-09T08:14:18Z" finished-at="2019-06-09T08:14:21Z">
          <exception class="org.openqa.selenium.ElementClickInterceptedException">
            <message>
              <![CDATA[Element <div class="popup_menu_icon"> is not clickable at point (1269,47) because another element <div id="preInsertedTransformedMoireId" class="transformedMoireClass"> obscures it
Build info: version: '3.141.59', revision: 'e82be7d358', time: '2018-11-14T08:25:53'
System info: host: 'DESKTOP-488FP15', ip: '192.168.1.14', os.name: 'Windows 10', os.arch: 'amd64', os.version: '10.0', java.version: '1.8.0_201'
Driver info: org.openqa.selenium.remote.RemoteWebDriver
Capabilities {acceptInsecureCerts: false, browserName: firefox, browserVersion: 67.0.1, javascriptEnabled: true, moz:accessibilityChecks: false, moz:buildID: 20190529130856, moz:geckodriverVersion: 0.24.0, moz:headless: false, moz:processID: 13284, moz:profile: C:\Users\APM-SYSTEM\AppData..., moz:shutdownTimeout: 60000, moz:useNonSpecCompliantPointerOrigin: false, moz:webdriverClick: true, pageLoadStrategy: normal, platform: WINDOWS, platformName: WINDOWS, platformVersion: 10.0, rotatable: false, setWindowRect: true, strictFileInteractability: false, timeouts: {implicit: 0, pageLoad: 300000, script: 30000}, unhandledPromptBehavior: dismiss and notify, webdriver.remote.sessionid: 27d01f00-84c1-4129-a606-110...}
Session ID: 27d01f00-84c1-4129-a606-110e65e0f6a1]]>
            </message>
            <full-stacktrace>
              <![CDATA[org.openqa.selenium.ElementClickInterceptedException: Element <div class="popup_menu_icon"> is not clickable at point (1269,47) because another element <div id="preInsertedTransformedMoireId" class="transformedMoireClass"> obscures it
Build info: version: '3.141.59', revision: 'e82be7d358', time: '2018-11-14T08:25:53'
System info: host: 'DESKTOP-488FP15', ip: '192.168.1.14', os.name: 'Windows 10', os.arch: 'amd64', os.version: '10.0', java.version: '1.8.0_201'
Driver info: org.openqa.selenium.remote.RemoteWebDriver
Capabilities {acceptInsecureCerts: false, browserName: firefox, browserVersion: 67.0.1, javascriptEnabled: true, moz:accessibilityChecks: false, moz:buildID: 20190529130856, moz:geckodriverVersion: 0.24.0, moz:headless: false, moz:processID: 13284, moz:profile: C:\Users\APM-SYSTEM\AppData..., moz:shutdownTimeout: 60000, moz:useNonSpecCompliantPointerOrigin: false, moz:webdriverClick: true, pageLoadStrategy: normal, platform: WINDOWS, platformName: WINDOWS, platformVersion: 10.0, rotatable: false, setWindowRect: true, strictFileInteractability: false, timeouts: {implicit: 0, pageLoad: 300000, script: 30000}, unhandledPromptBehavior: dismiss and notify, webdriver.remote.sessionid: 27d01f00-84c1-4129-a606-110...}
Session ID: 27d01f00-84c1-4129-a606-110e65e0f6a1
at sun.reflect.NativeConstructorAccessorImpl.newInstance0(Native Method)
at sun.reflect.NativeConstructorAccessorImpl.newInstance(NativeConstructorAccessorImpl.java:62)
at sun.reflect.DelegatingConstructorAccessorImpl.newInstance(DelegatingConstructorAccessorImpl.java:45)
at java.lang.reflect.Constructor.newInstance(Constructor.java:423)
at org.openqa.selenium.remote.http.W3CHttpResponseCodec.createException(W3CHttpResponseCodec.java:187)
at org.openqa.selenium.remote.http.W3CHttpResponseCodec.decode(W3CHttpResponseCodec.java:122)
at org.openqa.selenium.remote.http.W3CHttpResponseCodec.decode(W3CHttpResponseCodec.java:49)
at org.openqa.selenium.remote.HttpCommandExecutor.execute(HttpCommandExecutor.java:158)
at org.openqa.selenium.remote.RemoteWebDriver.execute(RemoteWebDriver.java:552)
at org.openqa.selenium.remote.RemoteWebElement.execute(RemoteWebElement.java:285)
at org.openqa.selenium.remote.RemoteWebElement.click(RemoteWebElement.java:84)
at sun.reflect.GeneratedMethodAccessor3.invoke(Unknown Source)
at sun.reflect.DelegatingMethodAccessorImpl.invoke(DelegatingMethodAccessorImpl.java:43)
at java.lang.reflect.Method.invoke(Method.java:498)
at org.openqa.selenium.support.pagefactory.internal.LocatingElementHandler.invoke(LocatingElementHandler.java:51)
at com.sun.proxy.$Proxy9.click(Unknown Source)
at com.ActiTime.page.actiTIMEEnterTimeTrackPage.clickOnHelp(actiTIMEEnterTimeTrackPage.java:30)
at com.ActiTime.test.TC04Test.Verifybuildnumber(TC04Test.java:28)
at sun.reflect.NativeMethodAccessorImpl.invoke0(Native Method)
at sun.reflect.NativeMethodAccessorImpl.invoke(NativeMethodAccessorImpl.java:62)
at sun.reflect.DelegatingMethodAccessorImpl.invoke(DelegatingMethodAccessorImpl.java:43)
at java.lang.reflect.Method.invoke(Method.java:498)
at org.testng.internal.MethodInvocationHelper.invokeMethod(MethodInvocationHelper.java:124)
at org.testng.internal.Invoker.invokeMethod(Invoker.java:580)
at org.testng.internal.Invoker.invokeTestMethod(Invoker.java:716)
at org.testng.internal.Invoker.invokeTestMethods(Invoker.java:988)
at org.testng.internal.TestMethodWorker.invokeTestMethods(TestMethodWorker.java:125)
at org.testng.internal.TestMethodWorker.run(TestMethodWorker.java:109)
at org.testng.TestRunner.privateRun(TestRunner.java:648)
at org.testng.TestRunner.run(TestRunner.java:505)
at org.testng.SuiteRunner.runTest(SuiteRunner.java:455)
at org.testng.SuiteRunner.access$000(SuiteRunner.java:40)
at org.testng.SuiteRunner$SuiteWorker.run(SuiteRunner.java:489)
at org.testng.internal.thread.ThreadUtil$1.call(ThreadUtil.java:52)
at java.util.concurrent.FutureTask.run(FutureTask.java:266)
at java.util.concurrent.ThreadPoolExecutor.runWorker(ThreadPoolExecutor.java:1149)
at java.util.concurrent.ThreadPoolExecutor$Worker.run(ThreadPoolExecutor.java:624)
at java.lang.Thread.run(Thread.java:748)
]]>
            </full-stacktrace>
          </exception> <!-- org.openqa.selenium.ElementClickInterceptedException -->
          <reporter-output>
            <line>
              <![CDATA[Title is matching expected titleactiTIME - Login]]>
            </line>
            <line>
              <![CDATA[Title is matching expected titleactiTIME - Enter Time-Track]]>
            </line>
          </reporter-output>
        </test-method> <!-- Verifybuildnumber -->
        <test-method status="PASS" signature="postcondition(org.testng.ITestResult)[pri:0, instance:com.ActiTime.test.TC04Test@1134affc]" name="postcondition" is-config="true" duration-ms="1241" started-at="2019-06-09T08:14:21Z" finished-at="2019-06-09T08:14:23Z">
          <params>
            <param index="0">
              <value>
                <![CDATA[[TestResult name=Verifybuildnumber status=FAILURE method=TC04Test.Verifybuildnumber()[pri:4, instance:com.ActiTime.test.TC04Test@1134affc] output=Title is matching expected titleactiTIME - Login]]]>
              </value>
            </param>
          </params>
          <reporter-output>
          </reporter-output>
        </test-method> <!-- postcondition -->
      </class> <!-- com.ActiTime.test.TC04Test -->
      <class name="com.ActiTime.test.TC01Test">
        <test-method status="PASS" signature="precondition(java.lang.String, java.lang.String)[pri:0, instance:com.ActiTime.test.TC01Test@5a39699c]" name="precondition" is-config="true" duration-ms="12683" started-at="2019-06-09T08:13:00Z" finished-at="2019-06-09T08:13:13Z">
          <params>
            <param index="0">
              <value>
                <![CDATA[http://localhost:1231/wd/hub/]]>
              </value>
            </param>
            <param index="1">
              <value>
                <![CDATA[firefox]]>
              </value>
            </param>
          </params>
          <reporter-output>
          </reporter-output>
        </test-method> <!-- precondition -->
        <test-method status="FAIL" signature="ValidLoginLogout()[pri:1, instance:com.ActiTime.test.TC01Test@5a39699c]" name="ValidLoginLogout" duration-ms="4631" started-at="2019-06-09T08:13:13Z" finished-at="2019-06-09T08:13:18Z">
          <exception class="org.openqa.selenium.ElementClickInterceptedException">
            <message>
              <![CDATA[Element <a id="logoutLink" class="logout" href="/logout.do"> is not clickable at point (1309,17) because another element <div id="preInsertedTransformedMoireId" class="transformedMoireClass"> obscures it
Build info: version: '3.141.59', revision: 'e82be7d358', time: '2018-11-14T08:25:53'
System info: host: 'DESKTOP-488FP15', ip: '192.168.1.14', os.name: 'Windows 10', os.arch: 'amd64', os.version: '10.0', java.version: '1.8.0_201'
Driver info: org.openqa.selenium.remote.RemoteWebDriver
Capabilities {acceptInsecureCerts: false, browserName: firefox, browserVersion: 67.0.1, javascriptEnabled: true, moz:accessibilityChecks: false, moz:buildID: 20190529130856, moz:geckodriverVersion: 0.24.0, moz:headless: false, moz:processID: 6396, moz:profile: C:\Users\APM-SYSTEM\AppData..., moz:shutdownTimeout: 60000, moz:useNonSpecCompliantPointerOrigin: false, moz:webdriverClick: true, pageLoadStrategy: normal, platform: WINDOWS, platformName: WINDOWS, platformVersion: 10.0, rotatable: false, setWindowRect: true, strictFileInteractability: false, timeouts: {implicit: 0, pageLoad: 300000, script: 30000}, unhandledPromptBehavior: dismiss and notify, webdriver.remote.sessionid: fd46e87e-3f2d-469b-8a6d-381...}
Session ID: fd46e87e-3f2d-469b-8a6d-3817ed8c583e]]>
            </message>
            <full-stacktrace>
              <![CDATA[org.openqa.selenium.ElementClickInterceptedException: Element <a id="logoutLink" class="logout" href="/logout.do"> is not clickable at point (1309,17) because another element <div id="preInsertedTransformedMoireId" class="transformedMoireClass"> obscures it
Build info: version: '3.141.59', revision: 'e82be7d358', time: '2018-11-14T08:25:53'
System info: host: 'DESKTOP-488FP15', ip: '192.168.1.14', os.name: 'Windows 10', os.arch: 'amd64', os.version: '10.0', java.version: '1.8.0_201'
Driver info: org.openqa.selenium.remote.RemoteWebDriver
Capabilities {acceptInsecureCerts: false, browserName: firefox, browserVersion: 67.0.1, javascriptEnabled: true, moz:accessibilityChecks: false, moz:buildID: 20190529130856, moz:geckodriverVersion: 0.24.0, moz:headless: false, moz:processID: 6396, moz:profile: C:\Users\APM-SYSTEM\AppData..., moz:shutdownTimeout: 60000, moz:useNonSpecCompliantPointerOrigin: false, moz:webdriverClick: true, pageLoadStrategy: normal, platform: WINDOWS, platformName: WINDOWS, platformVersion: 10.0, rotatable: false, setWindowRect: true, strictFileInteractability: false, timeouts: {implicit: 0, pageLoad: 300000, script: 30000}, unhandledPromptBehavior: dismiss and notify, webdriver.remote.sessionid: fd46e87e-3f2d-469b-8a6d-381...}
Session ID: fd46e87e-3f2d-469b-8a6d-3817ed8c583e
at sun.reflect.NativeConstructorAccessorImpl.newInstance0(Native Method)
at sun.reflect.NativeConstructorAccessorImpl.newInstance(NativeConstructorAccessorImpl.java:62)
at sun.reflect.DelegatingConstructorAccessorImpl.newInstance(DelegatingConstructorAccessorImpl.java:45)
at java.lang.reflect.Constructor.newInstance(Constructor.java:423)
at org.openqa.selenium.remote.http.W3CHttpResponseCodec.createException(W3CHttpResponseCodec.java:187)
at org.openqa.selenium.remote.http.W3CHttpResponseCodec.decode(W3CHttpResponseCodec.java:122)
at org.openqa.selenium.remote.http.W3CHttpResponseCodec.decode(W3CHttpResponseCodec.java:49)
at org.openqa.selenium.remote.HttpCommandExecutor.execute(HttpCommandExecutor.java:158)
at org.openqa.selenium.remote.RemoteWebDriver.execute(RemoteWebDriver.java:552)
at org.openqa.selenium.remote.RemoteWebElement.execute(RemoteWebElement.java:285)
at org.openqa.selenium.remote.RemoteWebElement.click(RemoteWebElement.java:84)
at sun.reflect.NativeMethodAccessorImpl.invoke0(Native Method)
at sun.reflect.NativeMethodAccessorImpl.invoke(NativeMethodAccessorImpl.java:62)
at sun.reflect.DelegatingMethodAccessorImpl.invoke(DelegatingMethodAccessorImpl.java:43)
at java.lang.reflect.Method.invoke(Method.java:498)
at org.openqa.selenium.support.pagefactory.internal.LocatingElementHandler.invoke(LocatingElementHandler.java:51)
at com.sun.proxy.$Proxy9.click(Unknown Source)
at com.ActiTime.page.actiTIMEEnterTimeTrackPage.clickOnLogout(actiTIMEEnterTimeTrackPage.java:25)
at com.ActiTime.test.TC01Test.ValidLoginLogout(TC01Test.java:26)
at sun.reflect.NativeMethodAccessorImpl.invoke0(Native Method)
at sun.reflect.NativeMethodAccessorImpl.invoke(NativeMethodAccessorImpl.java:62)
at sun.reflect.DelegatingMethodAccessorImpl.invoke(DelegatingMethodAccessorImpl.java:43)
at java.lang.reflect.Method.invoke(Method.java:498)
at org.testng.internal.MethodInvocationHelper.invokeMethod(MethodInvocationHelper.java:124)
at org.testng.internal.Invoker.invokeMethod(Invoker.java:580)
at org.testng.internal.Invoker.invokeTestMethod(Invoker.java:716)
at org.testng.internal.Invoker.invokeTestMethods(Invoker.java:988)
at org.testng.internal.TestMethodWorker.invokeTestMethods(TestMethodWorker.java:125)
at org.testng.internal.TestMethodWorker.run(TestMethodWorker.java:109)
at org.testng.TestRunner.privateRun(TestRunner.java:648)
at org.testng.TestRunner.run(TestRunner.java:505)
at org.testng.SuiteRunner.runTest(SuiteRunner.java:455)
at org.testng.SuiteRunner.access$000(SuiteRunner.java:40)
at org.testng.SuiteRunner$SuiteWorker.run(SuiteRunner.java:489)
at org.testng.internal.thread.ThreadUtil$1.call(ThreadUtil.java:52)
at java.util.concurrent.FutureTask.run(FutureTask.java:266)
at java.util.concurrent.ThreadPoolExecutor.runWorker(ThreadPoolExecutor.java:1149)
at java.util.concurrent.ThreadPoolExecutor$Worker.run(ThreadPoolExecutor.java:624)
at java.lang.Thread.run(Thread.java:748)
]]>
            </full-stacktrace>
          </exception> <!-- org.openqa.selenium.ElementClickInterceptedException -->
          <reporter-output>
            <line>
              <![CDATA[Title is matching expected titleactiTIME - Login]]>
            </line>
            <line>
              <![CDATA[Title is matching expected titleactiTIME - Enter Time-Track]]>
            </line>
          </reporter-output>
        </test-method> <!-- ValidLoginLogout -->
        <test-method status="PASS" signature="postcondition(org.testng.ITestResult)[pri:0, instance:com.ActiTime.test.TC01Test@5a39699c]" name="postcondition" is-config="true" duration-ms="1683" started-at="2019-06-09T08:13:18Z" finished-at="2019-06-09T08:13:19Z">
          <params>
            <param index="0">
              <value>
                <![CDATA[[TestResult name=ValidLoginLogout status=FAILURE method=TC01Test.ValidLoginLogout()[pri:1, instance:com.ActiTime.test.TC01Test@5a39699c] output=Title is matching expected titleactiTIME - Login]]]>
              </value>
            </param>
          </params>
          <reporter-output>
          </reporter-output>
        </test-method> <!-- postcondition -->
      </class> <!-- com.ActiTime.test.TC01Test -->
      <class name="com.ActiTime.test.TC02Test">
        <test-method status="PASS" signature="precondition(java.lang.String, java.lang.String)[pri:0, instance:com.ActiTime.test.TC02Test@3cb5cdba]" name="precondition" is-config="true" duration-ms="12427" started-at="2019-06-09T08:13:19Z" finished-at="2019-06-09T08:13:32Z">
          <params>
            <param index="0">
              <value>
                <![CDATA[http://localhost:1231/wd/hub/]]>
              </value>
            </param>
            <param index="1">
              <value>
                <![CDATA[firefox]]>
              </value>
            </param>
          </params>
          <reporter-output>
          </reporter-output>
        </test-method> <!-- precondition -->
        <test-method status="PASS" signature="InvalidLogin()[pri:2, instance:com.ActiTime.test.TC02Test@3cb5cdba]" name="InvalidLogin" duration-ms="15925" started-at="2019-06-09T08:13:32Z" finished-at="2019-06-09T08:13:48Z">
          <reporter-output>
            <line>
              <![CDATA[Title is matching expected titleactiTIME - Login]]>
            </line>
            <line>
              <![CDATA[User name admin]]>
            </line>
            <line>
              <![CDATA[Password damager]]>
            </line>
            <line>
              <![CDATA[Elements is visibil]]>
            </line>
            <line>
              <![CDATA[===================================]]>
            </line>
            <line>
              <![CDATA[User name qsp]]>
            </line>
            <line>
              <![CDATA[Password jsp]]>
            </line>
            <line>
              <![CDATA[Elements is visibil]]>
            </line>
            <line>
              <![CDATA[===================================]]>
            </line>
            <line>
              <![CDATA[User name 45]]>
            </line>
            <line>
              <![CDATA[Password a]]>
            </line>
            <line>
              <![CDATA[Elements is visibil]]>
            </line>
            <line>
              <![CDATA[===================================]]>
            </line>
            <line>
              <![CDATA[User name a]]>
            </line>
            <line>
              <![CDATA[Password @]]>
            </line>
            <line>
              <![CDATA[Elements is visibil]]>
            </line>
            <line>
              <![CDATA[===================================]]>
            </line>
            <line>
              <![CDATA[User name 1]]>
            </line>
            <line>
              <![CDATA[Password 2]]>
            </line>
            <line>
              <![CDATA[Elements is visibil]]>
            </line>
            <line>
              <![CDATA[===================================]]>
            </line>
          </reporter-output>
        </test-method> <!-- InvalidLogin -->
        <test-method status="PASS" signature="postcondition(org.testng.ITestResult)[pri:0, instance:com.ActiTime.test.TC02Test@3cb5cdba]" name="postcondition" is-config="true" duration-ms="788" started-at="2019-06-09T08:13:48Z" finished-at="2019-06-09T08:13:49Z">
          <params>
            <param index="0">
              <value>
                <![CDATA[[TestResult name=InvalidLogin status=SUCCESS method=TC02Test.InvalidLogin()[pri:2, instance:com.ActiTime.test.TC02Test@3cb5cdba] output=Title is matching expected titleactiTIME - Login]]]>
              </value>
            </param>
          </params>
          <reporter-output>
          </reporter-output>
        </test-method> <!-- postcondition -->
      </class> <!-- com.ActiTime.test.TC02Test -->
    </test> <!-- firefoxTest -->
  </suite> <!-- Suite -->
</testng-results>
